<?xml version="1.0" encoding="UTF-8"?>
<testsuite xmlns:xsi="http://www.w3.org/2001/XMLSchema-instance" xsi:noNamespaceSchemaLocation="https://maven.apache.org/surefire/maven-surefire-plugin/xsd/surefire-test-report-3.0.xsd" version="3.0" name="manage_users.Suite_manage_users" time="0.486" tests="1" errors="1" skipped="0" failures="0">
  <properties>
[...]
</properties>
  <testcase name="initializationError" classname="manage_users.Suite_manage_users" time="0.004">
    <error message="java.lang.ExceptionInInitializerError" type="com.google.common.util.concurrent.ExecutionError"><![CDATA[com.google.common.util.concurrent.ExecutionError: java.lang.ExceptionInInitializerError
Caused by: java.lang.ExceptionInInitializerError
Caused by: java.lang.reflect.InaccessibleObjectException: Unable to make protected final java.lang.Class java.lang.ClassLoader.defineClass(java.lang.String,byte[],int,int,java.security.ProtectionDomain) throws java.lang.ClassFormatError accessible: module java.base does not "opens java.lang" to unnamed module @1a27aae3
]]></error>
    <system-out><![CDATA[10:57:30.474 [main] INFO  o.c.a.apifactory.utils.RunnerUtils - ###[CCS Master] : testClass : class manage_users.Suite_manage_users
]]></system-out>
  </testcase>
</testsuite>