<?xml version="1.0" encoding="UTF-8"?>
<testsuite xmlns:xsi="http://www.w3.org/2001/XMLSchema-instance" xsi:noNamespaceSchemaLocation="https://maven.apache.org/surefire/maven-surefire-plugin/xsd/surefire-test-report-3.0.xsd" version="3.0" name="demo.suite" time="2.995" tests="2" errors="0" skipped="0" failures="0">
  <properties>
[...]
</properties>
  <testcase name="Create the user and verify - 2" classname="demo.suite" time="1.449">
    <system-out><![CDATA[09:21:39.358 [main] INFO  o.c.a.apifactory.utils.RunnerUtils - ###[CCS Master] : testClass : class demo.suite
09:21:39.773 [main] INFO  o.c.a.apifactory.utils.RunnerUtils - ###[CCS Master] : testClass : class demo.suite
09:21:40.021 [main] INFO  o.c.a.apifactory.utils.RunnerUtils - ###[CCS Master] : testClass : class demo.suite
09:21:40.038 [main] INFO  o.c.a.a.runner.CCSPackageRunner - [CCS Master] : System property master.junit=null
09:21:40.040 [main] INFO  o.c.a.a.r.MasterMultiStepsScenarioRunnerImpl - 
-------------------------- [CCS Master] : BDD- Scenario:Create the user and verify - 2 -------------------------

09:21:40.054 [main] INFO  o.c.a.a.r.MasterMultiStepsScenarioRunnerImpl - 
-------------------------------------------------------------------------
     [CCS Master] : Executing Scenario Count No. or parameter No. or Row No. | 0 | 
-------------------------------------------------------------------------
09:21:40.079 [main] DEBUG o.c.a.a.c.p.MasterExternalFileProcessorImpl - Leaf node found = post-user, checking for any external json file...
09:21:40.079 [main] DEBUG o.c.a.a.c.p.MasterExternalFileProcessorImpl - Leaf node found = POST, checking for any external json file...
09:21:40.079 [main] DEBUG o.c.a.a.c.p.MasterExternalFileProcessorImpl - Leaf node found = POST, checking for any external json file...
09:21:40.079 [main] DEBUG o.c.a.a.c.p.MasterExternalFileProcessorImpl - Leaf node found = /users, checking for any external json file...
09:21:40.079 [main] DEBUG o.c.a.a.c.p.MasterExternalFileProcessorImpl - Leaf node found = ${JSON.FILE:body/body1.json}, checking for any external json file...
09:21:40.080 [main] INFO  o.c.a.a.c.p.MasterExternalFileProcessorImpl - Found external JSON file place holder = ${JSON.FILE:body/body1.json}. Replacing with content
09:21:40.081 [main] DEBUG o.c.a.a.c.p.MasterExternalFileProcessorImpl - Leaf node found = ${CCS.MASTER.RANDOM.EMAIL:@yopmail.com}, checking for any external json file...
09:21:40.082 [main] DEBUG o.c.a.a.c.p.MasterExternalFileProcessorImpl - Leaf node found = leader, checking for any external json file...
09:21:40.087 [main] DEBUG o.c.a.a.c.p.MasterExternalFileProcessorImpl - Leaf node found = 201, checking for any external json file...
09:21:40.087 [main] DEBUG o.c.a.a.c.p.MasterExternalFileProcessorImpl - Leaf node found = 201, checking for any external json file...
09:21:40.088 [main] DEBUG o.c.a.a.c.p.MasterExternalFileProcessorImpl - Leaf node found = false, checking for any external json file...
09:21:40.157 [main] DEBUG c.j.j.internal.path.CompiledPath - Evaluating path: $['queryParams']
09:21:40.159 [main] DEBUG o.c.a.a.c.s.h.HttpApiExecutorImpl - No $.queryParams was present in the request. returned null.
09:21:40.159 [main] DEBUG c.j.j.internal.path.CompiledPath - Evaluating path: $['headers']
09:21:40.159 [main] DEBUG o.c.a.a.c.s.h.HttpApiExecutorImpl - No $.headers was present in the request. returned null.
09:21:40.159 [main] DEBUG c.j.j.internal.path.CompiledPath - Evaluating path: $['body']
09:21:40.160 [main] INFO  o.c.a.a.h.s.MasterSslTrustHttpClient - ###Used SSL Enabled Http Client for http/https/TLS connections
09:21:40.289 [main] DEBUG o.c.a.a.h.s.MasterSslTrustHttpClient - 
*Implicit-Wait/Connection-Timeout not configured.*
E.g. to configure it for 10sec, use: 'http.max.timeout.milliseconds=10000' in the host-config properties. 
**You can safely ignore this warning to retain the default httpClient behavior**

09:21:40.988 [main] INFO  o.c.a.a.c.v.MasterCodeValidatorImpl - Comparing results via LENIENT matchers
09:21:40.990 [main] DEBUG c.j.j.internal.path.CompiledPath - Evaluating path: $['status']
09:21:40.992 [main] INFO  o.c.a.a.r.StepNotificationHandler - 
***[CCS Master] : Step PASSED - Scenario:Create the user and verify - 2 -> post-user
09:21:40.993 [main] WARN  o.c.a.a.r.MasterMultiStepsScenarioRunnerImpl - 
--------- TEST-STEP-CORRELATION-ID: 5eade9f0-b65d-405a-84d1-a25fc988714d ---------
*requestTimeStamp:2021-12-16T09:21:40.121
step:post-user
id:null
url:https://reqres.in/api/users
method:POST
request:
{
  "body" : {
    "name" : "LFCRHAHMKZ@yopmail.com",
    "job" : "leader"
  }
} 
--------- TEST-STEP-CORRELATION-ID: 5eade9f0-b65d-405a-84d1-a25fc988714d ---------
Response:
{
  "status" : 201,
  "headers" : {
    "Date" : [ "Thu, 16 Dec 2021 09:21:40 GMT" ],
    "Content-Length" : [ "98" ],
    "Server" : [ "cloudflare" ],
    "CF-RAY" : [ "6be6d7c6bc2874e5-LHR" ],
    "CF-Cache-Status" : [ "DYNAMIC" ],
    "Expect-CT" : [ "max-age=604800, report-uri=\"https://report-uri.cloudflare.com/cdn-cgi/beacon/expect-ct\"" ],
    "via" : [ "1.1 vegur" ],
    "access-control-allow-origin" : [ "*" ],
    "NEL" : [ "{\"success_fraction\":0,\"report_to\":\"cf-nel\",\"max_age\":604800}" ],
    "x-powered-by" : [ "Express" ],
    "Content-Type" : [ "application/json; charset=utf-8" ],
    "Connection" : [ "keep-alive" ],
    "etag" : [ "W/\"62-OJbumGp8JlX7et5G9UCVgueuuhE\"" ],
    "Report-To" : [ "{\"endpoints\":[{\"url\":\"https:\\/\\/a.nel.cloudflare.com\\/report\\/v3?s=73L9WsPQjLOZnyWBOQ5RdhOI5ZGItpQIw2o%2F9KFyB525%2BHcMPgg8bLWSDkV2hPJNSDT3zLBAyeaIKgROwk9k8Y8Ll3mhccLbDpj4FLJzANdoDHFkJ1Zl7rweiA0%3D\"}],\"group\":\"cf-nel\",\"max_age\":604800}" ],
    "alt-svc" : [ "h3=\":443\"; ma=86400, h3-29=\":443\"; ma=86400, h3-28=\":443\"; ma=86400, h3-27=\":443\"; ma=86400" ]
  },
  "body" : {
    "name" : "LFCRHAHMKZ@yopmail.com",
    "job" : "leader",
    "id" : "824",
    "createdAt" : "2021-12-16T09:21:40.954Z"
  }
}
*responseTimeStamp:2021-12-16T09:21:40.988 
*CCS Master: Response delay:867.0 milli-secs 
---------> Expected Response: <----------
{
  "status" : 201
} 
 
-done-

09:21:40.995 [main] DEBUG c.j.j.internal.path.CompiledPath - Evaluating path: $['post-user']['response']['body']['id']
09:21:40.996 [main] DEBUG c.j.j.internal.path.CompiledPath - Evaluating path: $['post-user']['response']['body']['id']
09:21:40.996 [main] DEBUG c.j.j.internal.path.CompiledPath - Evaluating path: $['queryParams']
09:21:40.996 [main] DEBUG o.c.a.a.c.s.h.HttpApiExecutorImpl - No $.queryParams was present in the request. returned null.
09:21:40.996 [main] DEBUG c.j.j.internal.path.CompiledPath - Evaluating path: $['headers']
09:21:40.997 [main] DEBUG o.c.a.a.c.s.h.HttpApiExecutorImpl - No $.headers was present in the request. returned null.
09:21:40.997 [main] DEBUG c.j.j.internal.path.CompiledPath - Evaluating path: $['body']
09:21:40.997 [main] DEBUG o.c.a.a.c.s.h.HttpApiExecutorImpl - No $.body was present in the request. returned null.
09:21:40.997 [main] INFO  o.c.a.a.h.s.MasterSslTrustHttpClient - ###Used SSL Enabled Http Client for http/https/TLS connections
09:21:40.997 [main] DEBUG o.c.a.a.h.s.MasterSslTrustHttpClient - 
*Implicit-Wait/Connection-Timeout not configured.*
E.g. to configure it for 10sec, use: 'http.max.timeout.milliseconds=10000' in the host-config properties. 
**You can safely ignore this warning to retain the default httpClient behavior**

09:21:41.316 [main] INFO  o.c.a.a.c.v.MasterCodeValidatorImpl - Comparing results via LENIENT matchers
09:21:41.317 [main] DEBUG c.j.j.internal.path.CompiledPath - Evaluating path: $['status']
09:21:41.317 [main] INFO  o.c.a.a.r.StepNotificationHandler - 
***[CCS Master] : Step PASSED - Scenario:Create the user and verify - 2 -> get-user
09:21:41.318 [main] WARN  o.c.a.a.r.MasterMultiStepsScenarioRunnerImpl - 
--------- TEST-STEP-CORRELATION-ID: a55d8564-8fe3-446f-ad68-1c8e4a97e1bf ---------
*requestTimeStamp:2021-12-16T09:21:40.996
step:get-user
id:null
url:https://reqres.in/api/users/824
method:GET
request:
{ } 
--------- TEST-STEP-CORRELATION-ID: a55d8564-8fe3-446f-ad68-1c8e4a97e1bf ---------
Response:
{
  "status" : 404,
  "headers" : {
    "Date" : [ "Thu, 16 Dec 2021 09:21:41 GMT" ],
    "Content-Length" : [ "2" ],
    "Server" : [ "cloudflare" ],
    "CF-RAY" : [ "6be6d7c9190b7200-LHR" ],
    "Vary" : [ "Accept-Encoding" ],
    "CF-Cache-Status" : [ "MISS" ],
    "Expect-CT" : [ "max-age=604800, report-uri=\"https://report-uri.cloudflare.com/cdn-cgi/beacon/expect-ct\"" ],
    "via" : [ "1.1 vegur" ],
    "access-control-allow-origin" : [ "*" ],
    "NEL" : [ "{\"success_fraction\":0,\"report_to\":\"cf-nel\",\"max_age\":604800}" ],
    "x-powered-by" : [ "Express" ],
    "Content-Type" : [ "application/json; charset=utf-8" ],
    "Connection" : [ "keep-alive" ],
    "etag" : [ "W/\"2-vyGp6PvFo4RvsFtPoIWeCReyIC8\"" ],
    "Report-To" : [ "{\"endpoints\":[{\"url\":\"https:\\/\\/a.nel.cloudflare.com\\/report\\/v3?s=9uTA8bqgxxbBETDKI%2F4jN3EWJJ%2Bx6ftqSVsPAqxXOTjLJaQP2ZdqAqQbwYCWw6ZJMM8PRLHhf8LdJmLXwCMbP43g%2FynFMlm0U1i4COvnYdJDE%2BE%2ByG4YIB5z%2FUg%3D\"}],\"group\":\"cf-nel\",\"max_age\":604800}" ],
    "Cache-Control" : [ "max-age=14400" ],
    "alt-svc" : [ "h3=\":443\"; ma=86400, h3-29=\":443\"; ma=86400, h3-28=\":443\"; ma=86400, h3-27=\":443\"; ma=86400" ]
  },
  "body" : { }
}
*responseTimeStamp:2021-12-16T09:21:41.315 
*CCS Master: Response delay:319.0 milli-secs 
---------> Expected Response: <----------
{
  "status" : 404
} 
 
-done-

09:21:41.453 [main] INFO  o.c.a.a.runner.CCSPackageRunner - 
[CCS Master] : PackageRunner- **FINISHED executing all Steps for [Create the user and verify - 2] **.
Steps were:[post-user, get-user]
]]></system-out>
  </testcase>
  <testcase name="Create the user and verify - 1" classname="demo.suite" time="0.726">
    <system-out><![CDATA[09:21:41.455 [main] INFO  o.c.a.a.r.MasterMultiStepsScenarioRunnerImpl - 
-------------------------- [CCS Master] : BDD- Scenario:Create the user and verify - 1 -------------------------

09:21:41.456 [main] INFO  o.c.a.a.r.MasterMultiStepsScenarioRunnerImpl - 
-------------------------------------------------------------------------
     [CCS Master] : Executing Scenario Count No. or parameter No. or Row No. | 0 | 
-------------------------------------------------------------------------
09:21:41.458 [main] DEBUG o.c.a.a.c.p.MasterExternalFileProcessorImpl - Leaf node found = post-user, checking for any external json file...
09:21:41.458 [main] DEBUG o.c.a.a.c.p.MasterExternalFileProcessorImpl - Leaf node found = POST, checking for any external json file...
09:21:41.458 [main] DEBUG o.c.a.a.c.p.MasterExternalFileProcessorImpl - Leaf node found = POST, checking for any external json file...
09:21:41.458 [main] DEBUG o.c.a.a.c.p.MasterExternalFileProcessorImpl - Leaf node found = /users, checking for any external json file...
09:21:41.459 [main] DEBUG o.c.a.a.c.p.MasterExternalFileProcessorImpl - Leaf node found = ${JSON.FILE:body/body1.json}, checking for any external json file...
09:21:41.459 [main] INFO  o.c.a.a.c.p.MasterExternalFileProcessorImpl - Found external JSON file place holder = ${JSON.FILE:body/body1.json}. Replacing with content
09:21:41.463 [main] DEBUG o.c.a.a.c.p.MasterExternalFileProcessorImpl - Leaf node found = ${CCS.MASTER.RANDOM.EMAIL:@yopmail.com}, checking for any external json file...
09:21:41.463 [main] DEBUG o.c.a.a.c.p.MasterExternalFileProcessorImpl - Leaf node found = leader, checking for any external json file...
09:21:41.464 [main] DEBUG o.c.a.a.c.p.MasterExternalFileProcessorImpl - Leaf node found = 201, checking for any external json file...
09:21:41.464 [main] DEBUG o.c.a.a.c.p.MasterExternalFileProcessorImpl - Leaf node found = 201, checking for any external json file...
09:21:41.464 [main] DEBUG o.c.a.a.c.p.MasterExternalFileProcessorImpl - Leaf node found = false, checking for any external json file...
09:21:41.467 [main] DEBUG c.j.j.internal.path.CompiledPath - Evaluating path: $['queryParams']
09:21:41.467 [main] DEBUG o.c.a.a.c.s.h.HttpApiExecutorImpl - No $.queryParams was present in the request. returned null.
09:21:41.467 [main] DEBUG c.j.j.internal.path.CompiledPath - Evaluating path: $['headers']
09:21:41.467 [main] DEBUG o.c.a.a.c.s.h.HttpApiExecutorImpl - No $.headers was present in the request. returned null.
09:21:41.468 [main] DEBUG c.j.j.internal.path.CompiledPath - Evaluating path: $['body']
09:21:41.468 [main] INFO  o.c.a.a.h.s.MasterSslTrustHttpClient - ###Used SSL Enabled Http Client for http/https/TLS connections
09:21:41.469 [main] DEBUG o.c.a.a.h.s.MasterSslTrustHttpClient - 
*Implicit-Wait/Connection-Timeout not configured.*
E.g. to configure it for 10sec, use: 'http.max.timeout.milliseconds=10000' in the host-config properties. 
**You can safely ignore this warning to retain the default httpClient behavior**

09:21:41.751 [main] INFO  o.c.a.a.c.v.MasterCodeValidatorImpl - Comparing results via LENIENT matchers
09:21:41.752 [main] DEBUG c.j.j.internal.path.CompiledPath - Evaluating path: $['status']
09:21:41.753 [main] INFO  o.c.a.a.r.StepNotificationHandler - 
***[CCS Master] : Step PASSED - Scenario:Create the user and verify - 1 -> post-user
09:21:41.753 [main] WARN  o.c.a.a.r.MasterMultiStepsScenarioRunnerImpl - 
--------- TEST-STEP-CORRELATION-ID: 97d84f54-859f-44c2-af2d-3b288fba601f ---------
*requestTimeStamp:2021-12-16T09:21:41.466
step:post-user
id:null
url:https://reqres.in/api/users
method:POST
request:
{
  "body" : {
    "name" : "7Z01T093Ji@yopmail.com",
    "job" : "leader"
  }
} 
--------- TEST-STEP-CORRELATION-ID: 97d84f54-859f-44c2-af2d-3b288fba601f ---------
Response:
{
  "status" : 201,
  "headers" : {
    "Date" : [ "Thu, 16 Dec 2021 09:21:41 GMT" ],
    "Content-Length" : [ "98" ],
    "Server" : [ "cloudflare" ],
    "CF-RAY" : [ "6be6d7cbbb9c779b-LHR" ],
    "CF-Cache-Status" : [ "DYNAMIC" ],
    "Expect-CT" : [ "max-age=604800, report-uri=\"https://report-uri.cloudflare.com/cdn-cgi/beacon/expect-ct\"" ],
    "via" : [ "1.1 vegur" ],
    "access-control-allow-origin" : [ "*" ],
    "NEL" : [ "{\"success_fraction\":0,\"report_to\":\"cf-nel\",\"max_age\":604800}" ],
    "x-powered-by" : [ "Express" ],
    "Content-Type" : [ "application/json; charset=utf-8" ],
    "Connection" : [ "keep-alive" ],
    "etag" : [ "W/\"62-i2KmgV3VVhdZa1qq+GRniSM+hDc\"" ],
    "Report-To" : [ "{\"endpoints\":[{\"url\":\"https:\\/\\/a.nel.cloudflare.com\\/report\\/v3?s=vS532aiT8OL4GP7UKuFqTjgBPP%2BqEiGc%2FkZAM6Oz27f1Uh8dcVFsCL586naUqwgpJ9O3eE86a2CdspMuKy63gH9pZLdBt9krzbkJMltGyYhUWLy%2BDgxOdHEDyz4%3D\"}],\"group\":\"cf-nel\",\"max_age\":604800}" ],
    "alt-svc" : [ "h3=\":443\"; ma=86400, h3-29=\":443\"; ma=86400, h3-28=\":443\"; ma=86400, h3-27=\":443\"; ma=86400" ]
  },
  "body" : {
    "name" : "7Z01T093Ji@yopmail.com",
    "job" : "leader",
    "id" : "709",
    "createdAt" : "2021-12-16T09:21:41.764Z"
  }
}
*responseTimeStamp:2021-12-16T09:21:41.750 
*CCS Master: Response delay:284.0 milli-secs 
---------> Expected Response: <----------
{
  "status" : 201
} 
 
-done-

09:21:41.755 [main] DEBUG c.j.j.internal.path.CompiledPath - Evaluating path: $['post-user']['response']['body']['id']
09:21:41.756 [main] DEBUG c.j.j.internal.path.CompiledPath - Evaluating path: $['post-user']['response']['body']['id']
09:21:41.757 [main] DEBUG c.j.j.internal.path.CompiledPath - Evaluating path: $['queryParams']
09:21:41.757 [main] DEBUG o.c.a.a.c.s.h.HttpApiExecutorImpl - No $.queryParams was present in the request. returned null.
09:21:41.757 [main] DEBUG c.j.j.internal.path.CompiledPath - Evaluating path: $['headers']
09:21:41.757 [main] DEBUG o.c.a.a.c.s.h.HttpApiExecutorImpl - No $.headers was present in the request. returned null.
09:21:41.757 [main] DEBUG c.j.j.internal.path.CompiledPath - Evaluating path: $['body']
09:21:41.757 [main] DEBUG o.c.a.a.c.s.h.HttpApiExecutorImpl - No $.body was present in the request. returned null.
09:21:41.757 [main] INFO  o.c.a.a.h.s.MasterSslTrustHttpClient - ###Used SSL Enabled Http Client for http/https/TLS connections
09:21:41.758 [main] DEBUG o.c.a.a.h.s.MasterSslTrustHttpClient - 
*Implicit-Wait/Connection-Timeout not configured.*
E.g. to configure it for 10sec, use: 'http.max.timeout.milliseconds=10000' in the host-config properties. 
**You can safely ignore this warning to retain the default httpClient behavior**

09:21:42.067 [main] INFO  o.c.a.a.c.v.MasterCodeValidatorImpl - Comparing results via LENIENT matchers
09:21:42.068 [main] DEBUG c.j.j.internal.path.CompiledPath - Evaluating path: $['status']
09:21:42.069 [main] INFO  o.c.a.a.r.StepNotificationHandler - 
***[CCS Master] : Step PASSED - Scenario:Create the user and verify - 1 -> get-user
09:21:42.069 [main] WARN  o.c.a.a.r.MasterMultiStepsScenarioRunnerImpl - 
--------- TEST-STEP-CORRELATION-ID: a818c1b8-bb3d-49a0-a156-ad563eab60c6 ---------
*requestTimeStamp:2021-12-16T09:21:41.756
step:get-user
id:null
url:https://reqres.in/api/users/709
method:GET
request:
{ } 
--------- TEST-STEP-CORRELATION-ID: a818c1b8-bb3d-49a0-a156-ad563eab60c6 ---------
Response:
{
  "status" : 404,
  "headers" : {
    "Date" : [ "Thu, 16 Dec 2021 09:21:42 GMT" ],
    "Content-Length" : [ "2" ],
    "Server" : [ "cloudflare" ],
    "CF-RAY" : [ "6be6d7cdbad70706-LHR" ],
    "Vary" : [ "Accept-Encoding" ],
    "CF-Cache-Status" : [ "MISS" ],
    "Expect-CT" : [ "max-age=604800, report-uri=\"https://report-uri.cloudflare.com/cdn-cgi/beacon/expect-ct\"" ],
    "via" : [ "1.1 vegur" ],
    "access-control-allow-origin" : [ "*" ],
    "NEL" : [ "{\"success_fraction\":0,\"report_to\":\"cf-nel\",\"max_age\":604800}" ],
    "x-powered-by" : [ "Express" ],
    "Content-Type" : [ "application/json; charset=utf-8" ],
    "Connection" : [ "keep-alive" ],
    "etag" : [ "W/\"2-vyGp6PvFo4RvsFtPoIWeCReyIC8\"" ],
    "Report-To" : [ "{\"endpoints\":[{\"url\":\"https:\\/\\/a.nel.cloudflare.com\\/report\\/v3?s=dsQXVJEd2a02Eh6%2FxuyclvvkYiwalEO5nd1%2Fwr4EV5lrNdKypWW6Oi6dp6na0gaqhJKdW4DG7yZDf5E4b8fp7bdfEq%2Flo%2FJJshsNlpX93khd%2FT3Ym70gc%2BYiyJo%3D\"}],\"group\":\"cf-nel\",\"max_age\":604800}" ],
    "Cache-Control" : [ "max-age=14400" ],
    "alt-svc" : [ "h3=\":443\"; ma=86400, h3-29=\":443\"; ma=86400, h3-28=\":443\"; ma=86400, h3-27=\":443\"; ma=86400" ]
  },
  "body" : { }
}
*responseTimeStamp:2021-12-16T09:21:42.066 
*CCS Master: Response delay:310.0 milli-secs 
---------> Expected Response: <----------
{
  "status" : 404
} 
 
-done-

09:21:42.185 [main] INFO  o.c.a.a.runner.CCSPackageRunner - 
[CCS Master] : PackageRunner- **FINISHED executing all Steps for [Create the user and verify - 1] **.
Steps were:[post-user, get-user]
]]></system-out>
  </testcase>
</testsuite>